<?xml version="1.0" encoding="UTF-8"?>
<testng-results skipped="0" failed="0" total="1" passed="1">
  <reporter-output>
  </reporter-output>
  <suite name="Default suite" duration-ms="16758" started-at="2019-09-23T07:42:35Z" finished-at="2019-09-23T07:42:52Z">
    <groups>
    </groups>
    <test name="Default test" duration-ms="16758" started-at="2019-09-23T07:42:35Z" finished-at="2019-09-23T07:42:52Z">
      <class name="driverFactory.AppTest">
        <test-method status="PASS" signature="kickStart()[pri:0, instance:driverFactory.AppTest@4c70fda8]" name="kickStart" duration-ms="16684" started-at="2019-09-23T13:12:35Z" finished-at="2019-09-23T13:12:52Z">
          <reporter-output>
          </reporter-output>
        </test-method> <!-- kickStart -->
      </class> <!-- driverFactory.AppTest -->
    </test> <!-- Default test -->
  </suite> <!-- Default suite -->
</testng-results>
